<?xml version="1.0" encoding="UTF-8"?>
<!-- Generated by org.testng.reporters.JUnitReportReporter -->
<testsuite skipped="0" hostname="Meenal-MacBook-Air.local" name="testng.tutorial.WordpressLoginTest" tests="3" failures="0" timestamp="09 Apr 2017 10:52:32 GMT" time="21.307" errors="0">
  <testcase name="logonToWordpress" time="8.311" classname="testng.tutorial.WordpressLoginTest"/>
  <testcase name="logonToWordpress" time="7.180" classname="testng.tutorial.WordpressLoginTest"/>
  <testcase name="logonToWordpress" time="5.816" classname="testng.tutorial.WordpressLoginTest"/>
</testsuite> <!-- testng.tutorial.WordpressLoginTest -->
